Using pre-set license
Built from '2021.3/staging' branch; Version is '2021.3.6f1 (7da38d85baf6) revision 8233869'; Using compiler version '192829333'; Build Type 'Release'
OS: 'Windows 10  (10.0.19043) 64bit Core' Language: 'en' Physical Memory: 16314 MB
BatchMode: 1, IsHumanControllingUs: 0, StartBugReporterOnCrash: 0, Is64bit: 1, IsPro: 1

COMMAND LINE ARGUMENTS:
C:\Program Files\Unity\Hub\Editor\2021.3.6f1\Editor\Unity.exe
-adb2
-batchMode
-noUpm
-name
AssetImportWorker2
-projectPath
C:/Users/Adrian/Desktop/gamedev/castlegame
-logFile
Logs/AssetImportWorker2.log
-srvPort
61707
Successfully changed project path to: C:/Users/Adrian/Desktop/gamedev/castlegame
C:/Users/Adrian/Desktop/gamedev/castlegame
[UnityMemory] Configuration Parameters - Can be set up in boot.config
    "memorysetup-bucket-allocator-granularity=16"
    "memorysetup-bucket-allocator-bucket-count=8"
    "memorysetup-bucket-allocator-block-size=33554432"
    "memorysetup-bucket-allocator-block-count=8"
    "memorysetup-main-allocator-block-size=16777216"
    "memorysetup-thread-allocator-block-size=16777216"
    "memorysetup-gfx-main-allocator-block-size=16777216"
    "memorysetup-gfx-thread-allocator-block-size=16777216"
    "memorysetup-cache-allocator-block-size=4194304"
    "memorysetup-typetree-allocator-block-size=2097152"
    "memorysetup-profiler-bucket-allocator-granularity=16"
    "memorysetup-profiler-bucket-allocator-bucket-count=8"
    "memorysetup-profiler-bucket-allocator-block-size=33554432"
    "memorysetup-profiler-bucket-allocator-block-count=8"
    "memorysetup-profiler-allocator-block-size=16777216"
    "memorysetup-profiler-editor-allocator-block-size=1048576"
    "memorysetup-temp-allocator-size-main=16777216"
    "memorysetup-job-temp-allocator-block-size=2097152"
    "memorysetup-job-temp-allocator-block-size-background=1048576"
    "memorysetup-job-temp-allocator-reduction-small-platforms=262144"
    "memorysetup-temp-allocator-size-background-worker=32768"
    "memorysetup-temp-allocator-size-job-worker=262144"
    "memorysetup-temp-allocator-size-preload-manager=33554432"
    "memorysetup-temp-allocator-size-nav-mesh-worker=65536"
    "memorysetup-temp-allocator-size-audio-worker=65536"
    "memorysetup-temp-allocator-size-cloud-worker=32768"
    "memorysetup-temp-allocator-size-gi-baking-worker=262144"
    "memorysetup-temp-allocator-size-gfx=262144"
Refreshing native plugins compatible for Editor in 61.01 ms, found 3 plugins.
Preloading 0 native plugins for Editor in 0.00 ms.
Initialize engine version: 2021.3.6f1 (7da38d85baf6)
[Subsystems] Discovering subsystems at path C:/Program Files/Unity/Hub/Editor/2021.3.6f1/Editor/Data/Resources/UnitySubsystems
[Subsystems] Discovering subsystems at path C:/Users/Adrian/Desktop/gamedev/castlegame/Assets
GfxDevice: creating device client; threaded=0; jobified=0
Direct3D:
    Version:  Direct3D 11.0 [level 11.1]
    Renderer: NVIDIA GeForce RTX 3090 (ID=0x2204)
    Vendor:   NVIDIA
    VRAM:     24348 MB
    Driver:   31.0.15.1694
Initialize mono
Mono path[0] = 'C:/Program Files/Unity/Hub/Editor/2021.3.6f1/Editor/Data/Managed'
Mono path[1] = 'C:/Program Files/Unity/Hub/Editor/2021.3.6f1/Editor/Data/MonoBleedingEdge/lib/mono/unityjit-win32'
Mono config path = 'C:/Program Files/Unity/Hub/Editor/2021.3.6f1/Editor/Data/MonoBleedingEdge/etc'
Using monoOptions --debugger-agent=transport=dt_socket,embedding=1,server=y,suspend=n,address=127.0.0.1:56344
Begin MonoManager ReloadAssembly
Registering precompiled unity dll's ...
Register platform support module: C:/Program Files/Unity/Hub/Editor/2021.3.6f1/Editor/Data/PlaybackEngines/WebGLSupport/UnityEditor.WebGL.Extensions.dll
Register platform support module: C:/Program Files/Unity/Hub/Editor/2021.3.6f1/Editor/Data/PlaybackEngines/MacStandaloneSupport/UnityEditor.OSXStandalone.Extensions.dll
Register platform support module: C:/Program Files/Unity/Hub/Editor/2021.3.6f1/Editor/Data/PlaybackEngines/WindowsStandaloneSupport/UnityEditor.WindowsStandalone.Extensions.dll
Register platform support module: C:/Program Files/Unity/Hub/Editor/2021.3.6f1/Editor/Data/PlaybackEngines/LinuxStandaloneSupport/UnityEditor.LinuxStandalone.Extensions.dll
Registered in 0.021077 seconds.
Native extension for LinuxStandalone target not found
Native extension for WindowsStandalone target not found
Native extension for OSXStandalone target not found
Native extension for WebGL target not found
Refreshing native plugins compatible for Editor in 66.84 ms, found 3 plugins.
Preloading 0 native plugins for Editor in 0.00 ms.
Mono: successfully reloaded assembly
- Completed reload, in  0.813 seconds
Domain Reload Profiling:
	ReloadAssembly (813ms)
		BeginReloadAssembly (97ms)
			ExecutionOrderSort (0ms)
			DisableScriptedObjects (0ms)
			BackupInstance (0ms)
			ReleaseScriptingObjects (0ms)
			CreateAndSetChildDomain (1ms)
		EndReloadAssembly (559ms)
			LoadAssemblies (94ms)
			RebuildTransferFunctionScriptingTraits (0ms)
			SetupTypeCache (127ms)
			ReleaseScriptCaches (0ms)
			RebuildScriptCaches (30ms)
			SetupLoadedEditorAssemblies (333ms)
				LogAssemblyErrors (0ms)
				InitializePlatformSupportModulesInManaged (22ms)
				SetLoadedEditorAssemblies (0ms)
				RefreshPlugins (67ms)
				BeforeProcessingInitializeOnLoad (1ms)
				ProcessInitializeOnLoadAttributes (185ms)
				ProcessInitializeOnLoadMethodAttributes (57ms)
				AfterProcessingInitializeOnLoad (0ms)
				EditorAssembliesLoaded (0ms)
			ExecutionOrderSort2 (0ms)
			AwakeInstancesAfterBackupRestoration (0ms)
Platform modules already initialized, skipping
Registering precompiled user dll's ...
Registered in 0.011885 seconds.
Begin MonoManager ReloadAssembly
Native extension for LinuxStandalone target not found
Native extension for WindowsStandalone target not found
Native extension for OSXStandalone target not found
Native extension for WebGL target not found
Refreshing native plugins compatible for Editor in 53.84 ms, found 3 plugins.
Preloading 0 native plugins for Editor in 0.00 ms.
Mono: successfully reloaded assembly
- Completed reload, in  1.477 seconds
Domain Reload Profiling:
	ReloadAssembly (1478ms)
		BeginReloadAssembly (149ms)
			ExecutionOrderSort (0ms)
			DisableScriptedObjects (7ms)
			BackupInstance (0ms)
			ReleaseScriptingObjects (0ms)
			CreateAndSetChildDomain (22ms)
		EndReloadAssembly (1167ms)
			LoadAssemblies (126ms)
			RebuildTransferFunctionScriptingTraits (0ms)
			SetupTypeCache (264ms)
			ReleaseScriptCaches (1ms)
			RebuildScriptCaches (58ms)
			SetupLoadedEditorAssemblies (675ms)
				LogAssemblyErrors (0ms)
				InitializePlatformSupportModulesInManaged (17ms)
				SetLoadedEditorAssemblies (0ms)
				RefreshPlugins (54ms)
				BeforeProcessingInitializeOnLoad (106ms)
				ProcessInitializeOnLoadAttributes (277ms)
				ProcessInitializeOnLoadMethodAttributes (204ms)
				AfterProcessingInitializeOnLoad (17ms)
				EditorAssembliesLoaded (0ms)
			ExecutionOrderSort2 (0ms)
			AwakeInstancesAfterBackupRestoration (9ms)
Platform modules already initialized, skipping
========================================================================
Worker process is ready to serve import requests
Launched and connected shader compiler UnityShaderCompiler.exe after 0.06 seconds
Refreshing native plugins compatible for Editor in 1.12 ms, found 3 plugins.
Preloading 0 native plugins for Editor in 0.00 ms.
Unloading 2622 Unused Serialized files (Serialized files now loaded: 0)
Unloading 33 unused Assets / (55.5 KB). Loaded Objects now: 3084.
Memory consumption went from 114.6 MB to 114.6 MB.
Total: 5.887200 ms (FindLiveObjects: 0.331200 ms CreateObjectMapping: 0.103800 ms MarkObjects: 5.302600 ms  DeleteObjects: 0.147800 ms)

AssetImportParameters requested are different than current active one (requested -> active):
  custom:video-decoder-ogg-theora: a1e56fd34408186e4bbccfd4996cb3dc -> 
  custom:container-muxer-webm: aa71ff27fc2769a1b78a27578f13a17b -> 
  custom:container-demuxer-webm: 4f35f7cbe854078d1ac9338744f61a02 -> 
  custom:video-encoder-webm-vp8: eb34c28f22e8b96e1ab97ce403110664 -> 
  custom:audio-encoder-webm-vorbis: bf7c407c2cedff20999df2af8eb42d56 -> 
  custom:framework-win-MediaFoundation: 216162199b28c13a410421893ffa2e32 -> 
  custom:container-demuxer-ogg: 62fdf1f143b41e24485cea50d1cbac27 -> 
  custom:video-decoder-webm-vp8: 9c59270c3fd7afecdb556c50c9e8de78 -> 
  custom:audio-decoder-ogg-vorbis: bf7c407c2cedff20999df2af8eb42d56 -> 
========================================================================
Received Import Request.
  Time since last request: 181682.212921 seconds.
  path: Assets/Tiles/wall.png
  artifactKey: Guid(7cb5377398fb8774db08d51a488980ed) Importer(815301076,1909f56bfc062723c751e8b465ee728b)
Start importing Assets/Tiles/wall.png using Guid(7cb5377398fb8774db08d51a488980ed) Importer(815301076,1909f56bfc062723c751e8b465ee728b)  -> (artifact id: 'b8b610b0718f9630c3d08df31f513018') in 0.230186 seconds 
========================================================================
Received Import Request.
  Time since last request: 0.000025 seconds.
  path: Assets/Tiles/geode.png
  artifactKey: Guid(61c1e3f4ccfa6bc41893aa984398a84c) Importer(815301076,1909f56bfc062723c751e8b465ee728b)
Start importing Assets/Tiles/geode.png using Guid(61c1e3f4ccfa6bc41893aa984398a84c) Importer(815301076,1909f56bfc062723c751e8b465ee728b)  -> (artifact id: 'ed048cc5c7fdb7d70ad3cf01f595b41e') in 0.018780 seconds 
========================================================================
Received Import Request.
  Time since last request: 0.000038 seconds.
  path: Assets/Tiles/path.png
  artifactKey: Guid(d37580add8161504698d46380a03fea2) Importer(815301076,1909f56bfc062723c751e8b465ee728b)
Start importing Assets/Tiles/path.png using Guid(d37580add8161504698d46380a03fea2) Importer(815301076,1909f56bfc062723c751e8b465ee728b)  -> (artifact id: 'de67e4b9051ec24018766f96c3dbd090') in 0.088156 seconds 
========================================================================
Received Import Request.
  Time since last request: 0.000022 seconds.
  path: Assets/Tiles/MirrorTile.asset
  artifactKey: Guid(d4063427c158ed346bdb7a466d486667) Importer(815301076,1909f56bfc062723c751e8b465ee728b)
Start importing Assets/Tiles/MirrorTile.asset using Guid(d4063427c158ed346bdb7a466d486667) Importer(815301076,1909f56bfc062723c751e8b465ee728b)  -> (artifact id: 'fae6ef2d15eb19bc760e10e737022f0a') in 0.057115 seconds 
========================================================================
Received Import Request.
  Time since last request: 0.000024 seconds.
  path: Assets/Tiles/highlighted.png
  artifactKey: Guid(443036669eae3a1479656cf91932a198) Importer(815301076,1909f56bfc062723c751e8b465ee728b)
Start importing Assets/Tiles/highlighted.png using Guid(443036669eae3a1479656cf91932a198) Importer(815301076,1909f56bfc062723c751e8b465ee728b)  -> (artifact id: '8df66a5c5005018fc6fb4590c8851f59') in 0.018638 seconds 
========================================================================
Received Import Request.
  Time since last request: 0.000019 seconds.
  path: Assets/Tiles/OreTile.asset
  artifactKey: Guid(b458fd062ad0eb54491bcdd9fbb8bb6c) Importer(815301076,1909f56bfc062723c751e8b465ee728b)
Start importing Assets/Tiles/OreTile.asset using Guid(b458fd062ad0eb54491bcdd9fbb8bb6c) Importer(815301076,1909f56bfc062723c751e8b465ee728b)  -> (artifact id: '3f0e07d20151b2d27d49e158ecc0c697') in 0.031478 seconds 
========================================================================
Received Import Request.
  Time since last request: 0.000028 seconds.
  path: Assets/Tiles/WallTile.asset
  artifactKey: Guid(ac9a0cd961c7cc843a81267d5a3dea6a) Importer(815301076,1909f56bfc062723c751e8b465ee728b)
Start importing Assets/Tiles/WallTile.asset using Guid(ac9a0cd961c7cc843a81267d5a3dea6a) Importer(815301076,1909f56bfc062723c751e8b465ee728b)  -> (artifact id: 'c7f7bc8ee3c142b8c759e1d95ef101d2') in 0.085578 seconds 
========================================================================
Received Import Request.
  Time since last request: 0.000039 seconds.
  path: Assets/Tiles/CemeteryTile.asset
  artifactKey: Guid(6394d27746b47854fb9f5eb012f09e9d) Importer(815301076,1909f56bfc062723c751e8b465ee728b)
Start importing Assets/Tiles/CemeteryTile.asset using Guid(6394d27746b47854fb9f5eb012f09e9d) Importer(815301076,1909f56bfc062723c751e8b465ee728b)  -> (artifact id: '9cd2d39fd1dc77442db378c3a01ab0ef') in 0.087661 seconds 
========================================================================
Received Import Request.
  Time since last request: 0.000033 seconds.
  path: Assets/Tiles/MasonTile.asset
  artifactKey: Guid(66ae0888bdb33474f8620ea2b8bb8143) Importer(815301076,1909f56bfc062723c751e8b465ee728b)
Start importing Assets/Tiles/MasonTile.asset using Guid(66ae0888bdb33474f8620ea2b8bb8143) Importer(815301076,1909f56bfc062723c751e8b465ee728b)  -> (artifact id: 'f9e06bcbb77fc7b70077cf80fbc671d2') in 0.081941 seconds 
========================================================================
Received Import Request.
  Time since last request: 0.000051 seconds.
  path: Assets/Tiles/water.png
  artifactKey: Guid(4cb459272b505f644934a2f5e9b071cf) Importer(815301076,1909f56bfc062723c751e8b465ee728b)
Start importing Assets/Tiles/water.png using Guid(4cb459272b505f644934a2f5e9b071cf) Importer(815301076,1909f56bfc062723c751e8b465ee728b)  -> (artifact id: 'd972fb3654c6cffe1ae7a31ef2790e4c') in 0.046071 seconds 
========================================================================
Received Import Request.
  Time since last request: 0.000028 seconds.
  path: Assets/Tiles/RuinsTile.asset
  artifactKey: Guid(575a523c0ccac4a4395f0534ec1eebe6) Importer(815301076,1909f56bfc062723c751e8b465ee728b)
Start importing Assets/Tiles/RuinsTile.asset using Guid(575a523c0ccac4a4395f0534ec1eebe6) Importer(815301076,1909f56bfc062723c751e8b465ee728b)  -> (artifact id: '245b3caa28fa06a9ca102cde1655c51f') in 0.078866 seconds 
========================================================================
Received Import Request.
  Time since last request: 246.992623 seconds.
  path: Assets/Tile Objects/Boulder.prefab
  artifactKey: Guid(c04916801f7683c4baafac903a488a92) Importer(815301076,1909f56bfc062723c751e8b465ee728b)
Start importing Assets/Tile Objects/Boulder.prefab using Guid(c04916801f7683c4baafac903a488a92) Importer(815301076,1909f56bfc062723c751e8b465ee728b)  -> (artifact id: 'bd7fb5a409af5f95a74c990e39da3b44') in 0.126241 seconds 
========================================================================
Received Import Request.
  Time since last request: 0.000034 seconds.
  path: Assets/Tile Objects/Ore.prefab
  artifactKey: Guid(cabb31c6a26772541b54120f4fafcba5) Importer(815301076,1909f56bfc062723c751e8b465ee728b)
Start importing Assets/Tile Objects/Ore.prefab using Guid(cabb31c6a26772541b54120f4fafcba5) Importer(815301076,1909f56bfc062723c751e8b465ee728b)  -> (artifact id: 'ac7e2c7bb84f33d74ab78b3e893ab1b3') in 0.029083 seconds 
========================================================================
Received Import Request.
  Time since last request: 0.000029 seconds.
  path: Assets/Tile Objects/Cemetery.prefab
  artifactKey: Guid(d5186bd9327020140b967496193ea3ae) Importer(815301076,1909f56bfc062723c751e8b465ee728b)
Start importing Assets/Tile Objects/Cemetery.prefab using Guid(d5186bd9327020140b967496193ea3ae) Importer(815301076,1909f56bfc062723c751e8b465ee728b)  -> (artifact id: 'e66a2ae273eed7c0a409d6225c9f7c6a') in 0.157114 seconds 
========================================================================
Received Import Request.
  Time since last request: 0.000052 seconds.
  path: Assets/Tile Objects/Timber Pile.prefab
  artifactKey: Guid(25d6060775a0f9546ba076f4b2145a77) Importer(815301076,1909f56bfc062723c751e8b465ee728b)
Start importing Assets/Tile Objects/Timber Pile.prefab using Guid(25d6060775a0f9546ba076f4b2145a77) Importer(815301076,1909f56bfc062723c751e8b465ee728b)  -> (artifact id: '92d44a130633b5af20009a433389c856') in 0.025346 seconds 
========================================================================
Received Import Request.
  Time since last request: 0.000034 seconds.
  path: Assets/Tile Objects/Stones.prefab
  artifactKey: Guid(fde8be61b349e514b9837a4633fa337d) Importer(815301076,1909f56bfc062723c751e8b465ee728b)
Start importing Assets/Tile Objects/Stones.prefab using Guid(fde8be61b349e514b9837a4633fa337d) Importer(815301076,1909f56bfc062723c751e8b465ee728b)  -> (artifact id: '9efe30fe58c349237d3ba9ceafc4a522') in 0.026844 seconds 
========================================================================
Received Import Request.
  Time since last request: 0.000021 seconds.
  path: Assets/Tile Objects/Mirror.prefab
  artifactKey: Guid(a776b06b1d1f3204abffc6ceee32b7fc) Importer(815301076,1909f56bfc062723c751e8b465ee728b)
Start importing Assets/Tile Objects/Mirror.prefab using Guid(a776b06b1d1f3204abffc6ceee32b7fc) Importer(815301076,1909f56bfc062723c751e8b465ee728b)  -> (artifact id: 'a8412ffd37f1e88f2faa01b2ad6827cf') in 0.030836 seconds 
========================================================================
Received Import Request.
  Time since last request: 0.000033 seconds.
  path: Assets/Tile Objects/Copse.prefab
  artifactKey: Guid(5c86a9e779f477c418c8536437552cdd) Importer(815301076,1909f56bfc062723c751e8b465ee728b)
Start importing Assets/Tile Objects/Copse.prefab using Guid(5c86a9e779f477c418c8536437552cdd) Importer(815301076,1909f56bfc062723c751e8b465ee728b)  -> (artifact id: '5bc4e74726ccd804c7dc7ea48f05f537') in 0.025277 seconds 
========================================================================
Received Import Request.
  Time since last request: 0.000030 seconds.
  path: Assets/Tile Objects/Ruins.prefab
  artifactKey: Guid(47c0c181aea6df045882eaa162635c83) Importer(815301076,1909f56bfc062723c751e8b465ee728b)
Start importing Assets/Tile Objects/Ruins.prefab using Guid(47c0c181aea6df045882eaa162635c83) Importer(815301076,1909f56bfc062723c751e8b465ee728b)  -> (artifact id: 'cbfb2834dc932bc6b42136aa99cb4ef3') in 0.043464 seconds 
========================================================================
Received Import Request.
  Time since last request: 0.000033 seconds.
  path: Assets/Tile Objects/Pool.prefab
  artifactKey: Guid(97d6e0632f3d1af4898028159c573830) Importer(815301076,1909f56bfc062723c751e8b465ee728b)
Start importing Assets/Tile Objects/Pool.prefab using Guid(97d6e0632f3d1af4898028159c573830) Importer(815301076,1909f56bfc062723c751e8b465ee728b)  -> (artifact id: '4b986a9cae006e736fda2d1acdd1138f') in 0.039168 seconds 
========================================================================
Received Import Request.
  Time since last request: 0.000023 seconds.
  path: Assets/Tile Objects/Path.prefab
  artifactKey: Guid(3542486c53a8cf941af8f153b6a752b2) Importer(815301076,1909f56bfc062723c751e8b465ee728b)
Start importing Assets/Tile Objects/Path.prefab using Guid(3542486c53a8cf941af8f153b6a752b2) Importer(815301076,1909f56bfc062723c751e8b465ee728b)  -> (artifact id: '58e43d070e092d668d41e2644fcb727c') in 0.062522 seconds 
========================================================================
Received Import Request.
  Time since last request: 0.000030 seconds.
  path: Assets/Tile Objects/Keep.prefab
  artifactKey: Guid(a644fd33b5af7fd459ac1f816cb4b3e6) Importer(815301076,1909f56bfc062723c751e8b465ee728b)
Start importing Assets/Tile Objects/Keep.prefab using Guid(a644fd33b5af7fd459ac1f816cb4b3e6) Importer(815301076,1909f56bfc062723c751e8b465ee728b)  -> (artifact id: 'cf371753480b55775769183361812fca') in 0.052598 seconds 
========================================================================
Received Import Request.
  Time since last request: 0.000058 seconds.
  path: Assets/Tile Objects/Mason.prefab
  artifactKey: Guid(293d23c89c56164488d2d067f8f36a29) Importer(815301076,1909f56bfc062723c751e8b465ee728b)
Start importing Assets/Tile Objects/Mason.prefab using Guid(293d23c89c56164488d2d067f8f36a29) Importer(815301076,1909f56bfc062723c751e8b465ee728b)  -> (artifact id: '3b1b8b3ba2cd24bec9d674c81261374e') in 0.050373 seconds 
========================================================================
Received Import Request.
  Time since last request: 0.000032 seconds.
  path: Assets/Tile Objects/Water.prefab
  artifactKey: Guid(05a4d75ede2629a4c8456fe504012b11) Importer(815301076,1909f56bfc062723c751e8b465ee728b)
Start importing Assets/Tile Objects/Water.prefab using Guid(05a4d75ede2629a4c8456fe504012b11) Importer(815301076,1909f56bfc062723c751e8b465ee728b)  -> (artifact id: '8aed651bd2ccd1e45fc122610b595cf3') in 0.018147 seconds 
========================================================================
Received Import Request.
  Time since last request: 0.000025 seconds.
  path: Assets/Tile Objects/Dark Forest.prefab
  artifactKey: Guid(088a2f3885796b643857098bfc5123e8) Importer(815301076,1909f56bfc062723c751e8b465ee728b)
Start importing Assets/Tile Objects/Dark Forest.prefab using Guid(088a2f3885796b643857098bfc5123e8) Importer(815301076,1909f56bfc062723c751e8b465ee728b)  -> (artifact id: 'c31262db313304dae40f4d5162ade1aa') in 0.018580 seconds 
========================================================================
Received Import Request.
  Time since last request: 0.000029 seconds.
  path: Assets/Tile Objects/Prism.prefab
  artifactKey: Guid(52333d6e8420ed045896776ce6d4c498) Importer(815301076,1909f56bfc062723c751e8b465ee728b)
Start importing Assets/Tile Objects/Prism.prefab using Guid(52333d6e8420ed045896776ce6d4c498) Importer(815301076,1909f56bfc062723c751e8b465ee728b)  -> (artifact id: 'a16007bd65d1f8ee574d0b975249ee52') in 0.027194 seconds 
Editor requested this worker to shutdown with reason: Scaling down because of idle timeout
AssetImportWorker is now disconnected from the server
Process exiting
Exiting without the bug reporter. Application will terminate with return code 0